
RAxML-NG v. 1.2.2 released on 30.04.2024 by The Exelixis Lab.
Developed by: Alexey M. Kozlov and Alexandros Stamatakis.
Contributors: Diego Darriba, Tomas Flouri, Benoit Morel, Sarah Lutteropp, Ben Bettisworth, Julia Haag, Anastasis Togkousidis.
Latest version: https://github.com/amkozlov/raxml-ng
Questions/problems/suggestions? Please visit: https://groups.google.com/forum/#!forum/raxml

System: Apple M3, 8 cores, 16 GB RAM

RAxML-NG was called at 10-Dec-2024 21:11:58 as follows:

./raxml-ng --all --msa 129030443_alignment_alnp.fna --model GTR+G --prefix 129030443_alignment_alnp/129030443_alignment_alnp --threads 4 --bs-trees 100

Analysis options:
  run mode: ML tree search + bootstrapping (Felsenstein Bootstrap)
  start tree(s): random (10) + parsimony (10)
  bootstrap replicates: parsimony (100)
  random seed: 1733883118
  tip-inner: OFF
  pattern compression: ON
  per-rate scalers: OFF
  site repeats: ON
  logLH epsilon: general: 10.000000, brlen-triplet: 1000.000000
  fast spr radius: AUTO
  spr subtree cutoff: 1.000000
  fast CLV updates: ON
  branch lengths: proportional (ML estimate, algorithm: NR-FAST)
  SIMD kernels: SSE3
  parallelization: coarse-grained (auto), PTHREADS (4 threads), thread pinning: OFF

[00:00:00] Reading alignment from file: 129030443_alignment_alnp.fna
[00:00:00] Loaded alignment with 4 taxa and 51399 sites

WARNING: Fully undetermined columns found: 14

NOTE: Reduced alignment (with duplicates and gap-only sites/taxa removed) 
NOTE: was saved to: /Users/josephwon/Bioinfomatics/Orthologous_Genes/phylogenetic_analysis/129030443_alignment_alnp/129030443_alignment_alnp.raxml.reduced.phy

Alignment comprises 1 partitions and 183 patterns

Partition 0: noname
Model: GTR+FO+G4m
Alignment sites / patterns: 51385 / 183
Gaps: 7.84 %
Invariant sites: 95.66 %


NOTE: Binary MSA file created: 129030443_alignment_alnp/129030443_alignment_alnp.raxml.rba

Parallelization scheme autoconfig: 4 worker(s) x 1 thread(s)

[00:00:00] Generating 10 random starting tree(s) with 4 taxa
[00:00:00] Generating 10 parsimony starting tree(s) with 4 taxa
Parallel parsimony with 4 threads
Parallel reduction/worker buffer size: 1 KB  / 0 KB

[00:00:00] Data distribution: max. partitions/sites/weight per thread: 1 / 183 / 2928
[00:00:00] Data distribution: max. searches per worker: 30

Starting ML tree search with 20 distinct starting trees

[00:00:00] [worker #1] ML tree search #2, logLikelihood: -84847.407543
[00:00:00] [worker #3] ML tree search #4, logLikelihood: -84847.407920
[00:00:00] [worker #0] ML tree search #1, logLikelihood: -84847.407920
[00:00:00] [worker #2] ML tree search #3, logLikelihood: -84847.407882
[00:00:00] [worker #3] ML tree search #8, logLikelihood: -84847.407543
[00:00:00] [worker #1] ML tree search #6, logLikelihood: -84847.407920
[00:00:00] [worker #2] ML tree search #7, logLikelihood: -84847.407882
[00:00:00] [worker #0] ML tree search #5, logLikelihood: -84847.407882
[00:00:00] [worker #3] ML tree search #12, logLikelihood: -84847.407543
[00:00:00] [worker #1] ML tree search #10, logLikelihood: -84847.407882
[00:00:00] [worker #2] ML tree search #11, logLikelihood: -84847.407544
[00:00:00] [worker #3] ML tree search #16, logLikelihood: -84847.407543
[00:00:00] [worker #0] ML tree search #9, logLikelihood: -84847.407882
[00:00:00] [worker #2] ML tree search #15, logLikelihood: -84847.407543
[00:00:00] [worker #1] ML tree search #14, logLikelihood: -84847.407543
[00:00:00] [worker #3] ML tree search #20, logLikelihood: -84847.407543
[00:00:00] [worker #0] ML tree search #13, logLikelihood: -84847.407543
[00:00:00] [worker #2] ML tree search #19, logLikelihood: -84847.407544
[00:00:00] [worker #1] ML tree search #18, logLikelihood: -84847.407543
[00:00:00] [worker #0] ML tree search #17, logLikelihood: -84847.407544

[00:00:00] ML tree search completed, best tree logLH: -84847.407543

[00:00:00] Starting bootstrapping analysis with 100 replicates.

[00:00:00] [worker #2] Bootstrap tree #3, logLikelihood: -85160.577462
[00:00:00] [worker #3] Bootstrap tree #4, logLikelihood: -84629.982465
[00:00:00] [worker #1] Bootstrap tree #2, logLikelihood: -84829.757646
[00:00:00] [worker #0] Bootstrap tree #1, logLikelihood: -85153.975509
[00:00:00] [worker #3] Bootstrap tree #8, logLikelihood: -85335.246111
[00:00:00] [worker #2] Bootstrap tree #7, logLikelihood: -84921.922937
[00:00:00] [worker #1] Bootstrap tree #6, logLikelihood: -84851.985531
[00:00:00] [worker #0] Bootstrap tree #5, logLikelihood: -85167.157181
[00:00:00] [worker #3] Bootstrap tree #12, logLikelihood: -85008.466625
[00:00:00] [worker #2] Bootstrap tree #11, logLikelihood: -84739.166358
[00:00:00] [worker #1] Bootstrap tree #10, logLikelihood: -84966.784727
[00:00:00] [worker #0] Bootstrap tree #9, logLikelihood: -84797.792048
[00:00:00] [worker #3] Bootstrap tree #16, logLikelihood: -84557.757756
[00:00:00] [worker #2] Bootstrap tree #15, logLikelihood: -85016.816872
[00:00:00] [worker #1] Bootstrap tree #14, logLikelihood: -85097.312888
[00:00:00] [worker #0] Bootstrap tree #13, logLikelihood: -84944.800725
[00:00:00] [worker #3] Bootstrap tree #20, logLikelihood: -85129.480182
[00:00:00] [worker #2] Bootstrap tree #19, logLikelihood: -84618.175791
[00:00:00] [worker #1] Bootstrap tree #18, logLikelihood: -85187.673793
[00:00:00] [worker #0] Bootstrap tree #17, logLikelihood: -84862.321517
[00:00:00] [worker #3] Bootstrap tree #24, logLikelihood: -84750.983267
[00:00:00] [worker #2] Bootstrap tree #23, logLikelihood: -84459.569678
[00:00:00] [worker #1] Bootstrap tree #22, logLikelihood: -84898.465206
[00:00:00] [worker #3] Bootstrap tree #28, logLikelihood: -84643.389260
[00:00:00] [worker #0] Bootstrap tree #21, logLikelihood: -84613.704922
[00:00:00] [worker #2] Bootstrap tree #27, logLikelihood: -84560.754960
[00:00:00] [worker #1] Bootstrap tree #26, logLikelihood: -85211.568983
[00:00:00] [worker #3] Bootstrap tree #32, logLikelihood: -84706.947146
[00:00:00] [worker #2] Bootstrap tree #31, logLikelihood: -84592.333948
[00:00:00] [worker #0] Bootstrap tree #25, logLikelihood: -84916.936484
[00:00:00] [worker #1] Bootstrap tree #30, logLikelihood: -85270.789887
[00:00:00] [worker #3] Bootstrap tree #36, logLikelihood: -84784.608458
[00:00:00] [worker #2] Bootstrap tree #35, logLikelihood: -84970.370814
[00:00:00] [worker #0] Bootstrap tree #29, logLikelihood: -85071.869190
[00:00:00] [worker #1] Bootstrap tree #34, logLikelihood: -84763.655623
[00:00:00] [worker #3] Bootstrap tree #40, logLikelihood: -84890.650410
[00:00:00] [worker #2] Bootstrap tree #39, logLikelihood: -84539.193303
[00:00:00] [worker #0] Bootstrap tree #33, logLikelihood: -84706.877061
[00:00:00] [worker #1] Bootstrap tree #38, logLikelihood: -84550.713025
[00:00:00] [worker #3] Bootstrap tree #44, logLikelihood: -84853.908416
[00:00:00] [worker #2] Bootstrap tree #43, logLikelihood: -84796.508543
[00:00:00] [worker #0] Bootstrap tree #37, logLikelihood: -84740.936943
[00:00:00] [worker #1] Bootstrap tree #42, logLikelihood: -85055.518478
[00:00:00] [worker #3] Bootstrap tree #48, logLikelihood: -85058.358811
[00:00:00] [worker #2] Bootstrap tree #47, logLikelihood: -84935.908645
[00:00:00] [worker #1] Bootstrap tree #46, logLikelihood: -85095.824672
[00:00:00] [worker #0] Bootstrap tree #41, logLikelihood: -85273.885603
[00:00:00] [worker #1] Bootstrap tree #50, logLikelihood: -84763.980491
[00:00:00] [worker #0] Bootstrap tree #45, logLikelihood: -84485.870574
[00:00:00] [worker #0] Bootstrap tree #49, logLikelihood: -84781.799263
[00:00:00] [worker #2] Bootstrap tree #51, logLikelihood: -84798.070927
[00:00:00] [worker #3] Bootstrap tree #52, logLikelihood: -84891.834162
[00:00:00] [worker #1] Bootstrap tree #54, logLikelihood: -85382.273011
[00:00:00] [worker #0] Bootstrap tree #53, logLikelihood: -85063.121558
[00:00:00] [worker #2] Bootstrap tree #55, logLikelihood: -84743.974933
[00:00:00] [worker #1] Bootstrap tree #58, logLikelihood: -85271.474387
[00:00:00] [worker #3] Bootstrap tree #56, logLikelihood: -84880.834994
[00:00:00] [worker #0] Bootstrap tree #57, logLikelihood: -84819.869295
[00:00:00] [worker #2] Bootstrap tree #59, logLikelihood: -85255.840184
[00:00:00] [worker #3] Bootstrap tree #60, logLikelihood: -84677.988920
[00:00:00] [worker #1] Bootstrap tree #62, logLikelihood: -84962.303099
[00:00:00] [worker #0] Bootstrap tree #61, logLikelihood: -84721.425443
[00:00:00] [worker #2] Bootstrap tree #63, logLikelihood: -84674.106202
[00:00:00] [worker #3] Bootstrap tree #64, logLikelihood: -85344.029859
[00:00:00] [worker #1] Bootstrap tree #66, logLikelihood: -85072.392592
[00:00:00] [worker #0] Bootstrap tree #65, logLikelihood: -85039.469267
[00:00:00] [worker #2] Bootstrap tree #67, logLikelihood: -85235.048056
[00:00:00] [worker #3] Bootstrap tree #68, logLikelihood: -84732.633231
[00:00:00] [worker #1] Bootstrap tree #70, logLikelihood: -84748.537733
[00:00:00] [worker #2] Bootstrap tree #71, logLikelihood: -84999.672790
[00:00:00] [worker #0] Bootstrap tree #69, logLikelihood: -84754.942359
[00:00:00] [worker #3] Bootstrap tree #72, logLikelihood: -84908.557051
[00:00:00] [worker #1] Bootstrap tree #74, logLikelihood: -84755.815149
[00:00:00] [worker #2] Bootstrap tree #75, logLikelihood: -85121.949430
[00:00:00] [worker #3] Bootstrap tree #76, logLikelihood: -84843.660812
[00:00:00] [worker #0] Bootstrap tree #73, logLikelihood: [-84520.6775540:00
:00] [worker #1] Bootstrap tree #78, logLikelihood: -84548.964078
[00:00:00] [worker #2] Bootstrap tree #79, logLikelihood: -84911.413000
[00:00:00] [worker #3] Bootstrap tree #80, logLikelihood: -84632.281557
[00:00:00] [worker #0] Bootstrap tree #77, logLikelihood: -85217.119502
[00:00:00] [worker #1] Bootstrap tree #82, logLikelihood: -84604.646227
[00:00:00] [worker #2] Bootstrap tree #83, logLikelihood: -85168.967043
[00:00:00] [worker #3] Bootstrap tree #84, logLikelihood: -84829.348649
[00:00:00] [worker #0] Bootstrap tree #81, logLikelihood: -85071.710754
[00:00:00] [worker #1] Bootstrap tree #86, logLikelihood: -85195.842548
[00:00:00] [worker #2] Bootstrap tree #87, logLikelihood: -85031.768518
[00:00:00] [worker #3] Bootstrap tree #88, logLikelihood: -84883.130168
[00:00:00] [worker #1] Bootstrap tree #90, logLikelihood: -84594.237941
[00:00:00] [worker #0] Bootstrap tree #85, logLikelihood: -84732.443543
[00:00:00] [worker #2] Bootstrap tree #91, logLikelihood: -85241.458139
[00:00:00] [worker #3] Bootstrap tree #92, logLikelihood: -85201.285075
[00:00:00] [worker #1] Bootstrap tree #94, logLikelihood: -85046.632610
[00:00:00] [worker #0] Bootstrap tree #89, logLikelihood: -84745.567312
[00:00:00] [worker #2] Bootstrap tree #95, logLikelihood: -84688.875334
[00:00:00] [worker #3] Bootstrap tree #96, logLikelihood: -84631.644791
[00:00:00] [worker #1] Bootstrap tree #98, logLikelihood: -84953.710503
[00:00:00] [worker #0] Bootstrap tree #93, logLikelihood: -84509.123999
[00:00:00] [worker #3] Bootstrap tree #100, logLikelihood: -85027.323064
[00:00:00] [worker #2] Bootstrap tree #99, logLikelihood: -84906.611230
[00:00:00] [worker #0] Bootstrap tree #97, logLikelihood: -84873.226976

Optimized model parameters:

   Partition 0: noname
   Rate heterogeneity: GAMMA (4 cats, mean),  alpha: 0.531601 (ML),  weights&rates: (0.250000,0.039384) (0.250000,0.272046) (0.250000,0.841967) (0.250000,2.846604) 
   Base frequencies (ML): 0.272931 0.233150 0.230250 0.263669 
   Substitution rates (ML): 0.870029 4.704512 0.611036 1.198603 4.322775 1.000000 


Final LogLikelihood: -84847.407543

AIC score: 169722.815085 / AICc score: 169722.823261 / BIC score: 169846.674508
Free parameters (model + branch lengths): 14

Best ML tree saved to: /Users/josephwon/Bioinfomatics/Orthologous_Genes/phylogenetic_analysis/129030443_alignment_alnp/129030443_alignment_alnp.raxml.bestTree
All ML trees saved to: /Users/josephwon/Bioinfomatics/Orthologous_Genes/phylogenetic_analysis/129030443_alignment_alnp/129030443_alignment_alnp.raxml.mlTrees
Best ML tree with Felsenstein bootstrap (FBP) support values saved to: /Users/josephwon/Bioinfomatics/Orthologous_Genes/phylogenetic_analysis/129030443_alignment_alnp/129030443_alignment_alnp.raxml.support
Optimized model saved to: /Users/josephwon/Bioinfomatics/Orthologous_Genes/phylogenetic_analysis/129030443_alignment_alnp/129030443_alignment_alnp.raxml.bestModel
Bootstrap trees saved to: /Users/josephwon/Bioinfomatics/Orthologous_Genes/phylogenetic_analysis/129030443_alignment_alnp/129030443_alignment_alnp.raxml.bootstraps

Execution log saved to: /Users/josephwon/Bioinfomatics/Orthologous_Genes/phylogenetic_analysis/129030443_alignment_alnp/129030443_alignment_alnp.raxml.log

Analysis started: 10-Dec-2024 21:11:58 / finished: 10-Dec-2024 21:11:58

Elapsed time: 0.335 seconds

